[07:00:19] ⚙ Generating theme from date: 2026-03-21
[07:00:49] 🎨 Theme: 临界热病 | Fever Claimed As Signal
[07:00:49] 📝 Note: Dense convergence point trembling at threshold — pressure visible as light, collapse mistaken for ignition
[07:00:49] 📰 World events →
[07:00:49]    **a tightening spiral where the clock hand leans toward some edge no one can name**
[07:00:49]    the furnace promises infinite light while the city beneath it is already smoldering — old fire, new fire, same wind
[07:00:49]    every gate opens and closes simultaneously: chips rationed like grain, bodies sorted at borders, art blooming in the foreclosed garden
[07:00:49]    the numbers are sick — growth subtracted, risk compounded — and the body politic mistakes its fever for warmth
[07:00:49]    somewhere, 192 beams converge on a single point, and we call it hope because we have forgotten what surrender dressed as ambition looks like
[07:00:49] 🔮 Symbolic/env facts →
[07:00:49]    I Ching #15 谦 (qiān)
[07:00:49]    ☀Aries  ☽Aries Waxing Crescent 5.1%
[07:00:49]    aspects: Sun conjunction Saturn, Moon conjunction Venus, Mercury conjunction Mars
[07:00:49]    cloudy 25.0°C humidity 70.0%
[07:00:49] 💭 Felt →
[07:00:49]    A blade still sheathed presses hot against the thigh — all that fire bowing low under wet stone.
[07:00:49]    Two currents braid beneath the skin: one surging forward, one dissolving backward, and the body hums at their seam.
[07:00:49]    Something enormous is kneeling — not defeated, just coiling, tasting the soil before it stands.
[07:00:49] ⚙ Generating GLSL shader...
[07:01:11] 🔍 [local] Checking GLSL compile...
[07:01:11] ✅ [local] GLSL compile OK
[07:01:11] 🔍 [render] Analyzing rendered frames...
[07:01:11] ✅ [render] 帧分析通过 (brightness=0.58, std=0.36)
[07:01:11] 🔍 [AI] Checking GLSL visual quality...
[07:01:13] ✅ [AI] GLSL visual quality OK
[07:01:13] ✅ Shader: 3457 chars
[07:01:17] 💬 Shader: 中文: 通过分形布朗运动(FBM)生成热力噪声场景，结合音频能量驱动的脉冲、闪烁和亮度参数，映射到热色渐变(深紫→橙红→白热)实现"临界热病"的视觉表现。

EN: The shader uses fractional Brownian motion (FBM) to generate turbulent heat-like noise fields, driven by audio inputs (bass energy, shimmer, pulse amplitude) and mapped through a multi-stage hot color gradient to visualize the threshold fever state.
[07:01:17] ⚙ Generating SuperCollider score...
[07:01:37] 🔍 [local] Checking SC syntax...
[07:01:37] ✅ [local] SC syntax OK
[07:01:37] 🔍 [audio] Analyzing audio spectrum...
[07:01:37]   ℹ [audio] 启动临时SC服务器录音 (约20s)...
[07:01:58]   ✅ [audio] SC服务器启动成功
[07:01:58]   [audio] SC: Recording Stopped: (rec.wav)
[07:01:58]   [audio] SC: RECORDING STOPPED
[07:01:58]   [audio] SC: server 'altsc' disconnected shared memory interface
[07:01:58]   [audio] SC: '/quit' message sent to server 'altsc'.
[07:01:58]   [audio] SC: cleaning up OSC
[07:01:58] ✅ [audio] 频谱正常 (RMS=0.540, bass=3%, mid=25%, high=71%)
[07:01:58] 🔍 [AI] Checking SC audio safety...
[07:02:09] ⚠ [AI] SC safety issue: I'll analyze this code carefully for audio safety and silence issues.

**Frequency Check:**
- `feverThreshold`: base fre
[07:02:09]   📝 Saved 1 lesson(s) to lessons_sc.json
[07:02:09] ⚠ SC issues (attempt 1/3): I'll analyze this code carefully for audio safety and silence issues.

**Frequency Check:**
- `feverThreshold`: base freq 180-220Hz × harmonics up to ×8 = ~1760Hz max. Safe.
- `criticalTremor`: carrie
[07:02:09] 🔧 Fixing SC code...
[07:02:19] 🔍 [local] Checking SC syntax...
[07:02:19] ✅ [local] SC syntax OK
[07:02:19] 🔍 [audio] Analyzing audio spectrum...
[07:02:19]   ℹ [audio] 启动临时SC服务器录音 (约20s)...
[07:02:41]   ✅ [audio] SC服务器启动成功
[07:02:41]   [audio] SC: Recording Stopped: (rec.wav)
[07:02:41]   [audio] SC: RECORDING STOPPED
[07:02:41]   [audio] SC: server 'altsc' disconnected shared memory interface
[07:02:41]   [audio] SC: '/quit' message sent to server 'altsc'.
[07:02:41]   [audio] SC: cleaning up OSC
[07:02:41] ✅ [audio] 频谱正常 (RMS=0.541, bass=3%, mid=25%, high=71%)
[07:02:41] 🔍 [AI] Checking SC audio safety...
[07:02:43] ✅ [AI] SC audio safety OK
[07:02:43] ✅ SCD: 3103 chars
[07:02:46] 💬 SCD: 中文: 通过多层次谐波叠加、低频噪声调制和实时参数映射，将亮度/运动/色调参数转化为动态频率与幅度变化，模拟临界热病的声学特征。

EN: The score employs harmonic summation with noise-modulated frequency pressure, real-time parameter mapping (brightness/motion/hue), and amplitude envelope dynamics to sonically represent the critical threshold of fever as evolving timbral instability.
[07:02:46] ⚙ Generating interaction spec...
[07:02:50] ✅ Interaction: 5 A→V, 3 V→A
[07:02:53] 💬 Interaction: 中文: 通过OSC协议实时映射音频频段能量（低/中/高频）到着色器均匀变量，驱动视觉参数如脉冲、热度阈值和光谱亮度的动态变化。
EN: Real-time audio frequency band energy is mapped via OSC protocol to shader uniforms, dynamically driving visual parameters including pulse amplitude, heat threshold, and spectral brightness to create fever-like visual responses.
