[07:00:22] ⚙ Generating theme from date: 2026-03-28
[07:00:55] 🎨 Theme: 伪地轴 | Orbit Around False Ground
[07:00:55] 📝 Note: A steady imbalance mistaken for center; taut surface hum, slow rotation, heat under gilt skin
[07:00:55] 📰 World events →
[07:00:55]    **the frequency beneath**
[07:00:55]    a hand reaches for gold and closes around heat — everything that was meant to hold value pulses with the memory of burning
[07:00:55]    the machine writes its own leash while the leash-makers argue over whose wrist it circles
[07:00:55]    somewhere a body learns to swallow again while the larger body forgets how to breathe
[07:00:55]    the old siege repeats in new syntax — river, wall, river, wall — and the crowd gathering in the square is both the first crowd and every crowd
[07:00:55]    an imbalance so steady it becomes the new axis, and we orbit it calling it ground
[07:00:55] 🔮 Symbolic/env facts →
[07:00:55]    I Ching #22 贲 (bì)
[07:00:55]    ☀Aries  ☽Leo Waxing Gibbous 73.8%
[07:00:55]    aspects: Sun trine Moon, Sun conjunction Saturn, Moon trine Saturn
[07:00:55]    cloudy 25.0°C humidity 70.0%
[07:00:55] 💭 Felt →
[07:00:55]    A warm pressure rising behind ornament, the surface pulled taut like skin over a drum that hasn't been struck yet.
[07:00:55]    Everything flowing agrees with everything expanding — too much ease, a silk thread carrying the weight of a bridge.
[07:00:55]    The fire is dressed as the mountain; the mountain sweats through its costume and calls it dew.
[07:00:55] ⚙ Generating GLSL shader...
[07:01:17] 🔍 [local] Checking GLSL compile...
[07:01:17] ✅ [local] GLSL compile OK
[07:01:17] 🔍 [render] Analyzing rendered frames...
[07:01:17] ✅ [render] 帧分析通过 (brightness=0.43, std=0.25)
[07:01:17] 🔍 [AI] Checking GLSL visual quality...
[07:01:19] ✅ [AI] GLSL visual quality OK
[07:01:19] ✅ Shader: 3323 chars
[07:01:22] 💬 Shader: 中文: 使用分形布朗运动（FBM）噪声和旋转变换生成动态的轨道纹理，通过时间驱动的旋转矩阵和偏移的假中心点创造围绕虚假地轴的视觉轨迹。

EN: The shader employs fractional Brownian motion (FBM) noise with rotation transforms to generate dynamic orbital patterns, using time-driven rotation matrices and an offset false center to create the illusion of orbiting around a false ground axis.
[07:01:22] ⚙ Generating SuperCollider score...
[07:01:48] 🔍 [local] Checking SC syntax...
[07:01:48] ✅ [local] SC syntax OK
[07:01:48] 🔍 [audio] Analyzing audio spectrum...
[07:01:48]   ℹ [audio] 启动临时SC服务器录音 (约20s)...
[07:02:09]   ✅ [audio] SC服务器启动成功
[07:02:09]   [audio] SC: Recording Stopped: (rec.wav)
[07:02:09]   [audio] SC: RECORDING STOPPED
[07:02:09]   [audio] SC: server 'altsc' disconnected shared memory interface
[07:02:09]   [audio] SC: '/quit' message sent to server 'altsc'.
[07:02:09]   [audio] SC: cleaning up OSC
[07:02:09] ✅ [audio] 频谱正常 (RMS=0.213, bass=50%, mid=43%, high=7%)
[07:02:09] 🔍 [AI] Checking SC audio safety...
[07:02:11] ✅ [AI] SC audio safety OK
[07:02:11] ✅ SCD: 4229 chars
[07:02:14] 💬 SCD: 中文: 通过多层正弦波谐音与调制LFO的叠加，结合褐噪声滤波与FM合成技术，模拟围绕虚假地轴的旋转运动与共鸣振颤。

EN: The piece uses layered sine wave harmonics with modulating LFOs, brown noise filtering, and FM synthesis to sonically represent rotating orbital motion and resonant shimmer around a false ground axis.
[07:02:14] ⚙ Generating interaction spec...
[07:02:20] ✅ Interaction: 5 A→V, 3 V→A
[07:02:23] 💬 Interaction: 中文: 通过OSC协议将实时音频频谱分解（低中高频）映射到着色器uniform变量，驱动轨道旋转、能量脉动和视觉闪烁的参数化动画。

EN: Real-time audio frequency spectrum (bass, mid, high) is mapped via OSC protocol to shader uniforms controlling orbital rotation speed, pulse amplitude, and spectral brightness, creating reactive visual animations synchronized with sound energy.
