[12:14:56] ⚙ Generating theme from date: 2026-03-20
[12:17:49] 🎨 Theme: 准入阈 / Permission Threshold | Scarcity as Protocol
[12:17:49] 📝 Note: Dense gridfields compressing toward silence, surfaces swelling beneath rigid frames, time held at the edge of rupture.
[12:17:49] 📰 World events →
[12:17:49]    A low hum of systems tightening against themselves — growth contracting while heat expands, every forecast a wound dressed in numbers.
[12:17:49]    Bodies moved across borders like data across firewalls — caught between the logic of walls and the gravity of need, each policy a door that swings both ways into bruising.
[12:17:49]    The atmosphere bargains with no one: flood and fire arriving simultaneously in five languages, a planetary stutter no algorithm can smooth.
[12:17:49]    Chips withheld, chips governed, chips disclosed — intelligence made material, then made scarce, power circulating as permission.
[12:17:49]    Somewhere a painted lily pond hangs still on a gallery wall while the real water rises outside, and the distance between those two surfaces is the exact shape of our paralysis.
[12:17:49] 🔮 Symbolic/env facts →
[12:17:49]    I Ching #14 大有 (dà yǒu)
[12:17:49]    ☀Pisces  ☽Aries New Moon 1.2%
[12:17:49]    aspects: Sun conjunction Saturn, Moon conjunction Venus, Moon square Jupiter
[12:17:49]    cloudy 25.0°C humidity 70.0%
[12:17:49] 💭 Felt →
[12:17:49]    A fullness pressing through gauze — everything ripe but nothing yet torn open.
[12:17:49]    The body lunges forward while the water still holds the feet, a blade dipped in dream.
[12:17:49]    Something enormous is being handed over in the dark, and the hands haven't learned their new weight.
[12:17:49] ⚙ Generating GLSL shader...
[12:18:13] 🔍 [local] Checking GLSL compile...
[12:18:13] ✅ [local] GLSL compile OK
[12:18:13] 🔍 [render] Analyzing rendered frames...
[12:18:13] ✅ [render] 帧分析通过 (brightness=0.78, std=0.20)
[12:18:13] 🔍 [AI] Checking GLSL visual quality...
[12:18:18] ✅ [AI] GLSL visual quality OK
[12:18:18] ✅ Shader: 3692 chars
[12:18:21] 💬 Shader: 中文: 通过动态阈值压力（threshold_pressure）参数控制网格线宽度，结合Perlin噪声和平滑阶跃函数实现稀缺性的可视化——只有超过准入阈值的区域才显示完整网格结构。

EN: The shader uses a dynamic threshold pressure parameter to modulate grid line width via smoothstep functions and procedural noise, visualizing scarcity by only rendering grid structures in regions that exceed the permission threshold.
[12:18:21] ⚙ Generating SuperCollider score...
[12:18:47] 🔍 [local] Checking SC syntax...
[12:18:47] ✅ [local] SC syntax OK
[12:18:47] 🔍 [audio] Analyzing audio spectrum...
[12:18:47]   ℹ [audio] 启动临时SC服务器录音 (约20s)...
[12:19:08]   ✅ [audio] SC服务器启动成功
[12:19:08]   [audio] SC: Recording Stopped: (rec.wav)
[12:19:08]   [audio] SC: RECORDING STOPPED
[12:19:08]   [audio] SC: server 'altsc' disconnected shared memory interface
[12:19:08]   [audio] SC: '/quit' message sent to server 'altsc'.
[12:19:08]   [audio] SC: cleaning up OSC
[12:19:08] ✅ [audio] 频谱正常 (RMS=0.540, bass=3%, mid=25%, high=72%)
[12:19:08] 🔍 [AI] Checking SC audio safety...
[12:19:10] ✅ [AI] SC audio safety OK
[12:19:10] ✅ SCD: 4676 chars
[12:19:15] 💬 SCD: 中文: 通过动态阈值参数(threshold)和实时压缩器(CompanderD)控制声音能量的通过权限,用LFNoise调制的脉冲网格(grid)模拟准入许可的稀缺性协议。

EN: The code uses dynamic threshold gating with CompanderD compression and LFNoise-modulated pulse grids to algorithmically enforce permission-based sound access, sonifying scarcity through parametric control of signal amplitude and spectral density.
[12:19:15] ⚙ Generating interaction spec...
[12:19:19] ✅ Interaction: 5 A→V, 2 V→A
[12:19:22] 💬 Interaction: 中文: 通过OSC协议将音频参数实时映射到着色器uniform变量，用网格密度和破裂张力作为准入阈值控制视觉生成的稀缺性。

EN: Real-time audio-to-visual mapping via OSC protocol routes bass energy and grid density metrics as permission thresholds into shader uniforms, gating visual manifestation based on acoustic scarcity signals.
