[07:00:26] ⚙ Generating theme from date: 2026-03-22
[07:00:55] 🎨 Theme: 治权熔断 | Governance Meltdown Index
[07:00:55] 📝 Note: Overheated grids collapsing into soft architectures; pulse without origin, structure without consent.
[07:00:55] 📰 World events →
[07:00:55]    A hand on the thermostat and a hand on the trigger — both turning in the same direction.
[07:00:55]    The ledger keeps splitting: what grows is not what feeds, what feeds is not what lasts.
[07:00:55]    Permission architectures for thinking machines, drawn by those who cannot govern fire.
[07:00:55]    A clock with no hands left, only the sound of ticking sold as content.
[07:00:55]    The body still dances in the gallery while the soil beneath the foundation warms.
[07:00:55] 🔮 Symbolic/env facts →
[07:00:55]    I Ching #16 豫 (yù)
[07:00:55]    ☀Aries  ☽Taurus Waxing Crescent 11.4%
[07:00:55]    aspects: Sun conjunction Saturn, Moon sextile Mercury, Moon sextile Mars
[07:00:55]    cloudy 25.0°C humidity 70.0%
[07:00:55] 💭 Felt →
[07:00:55]    A heavy drum struck once inside the chest — the body already moving before the mind agrees.
[07:00:55]    Warm wet air pressing against new skin, everything tender and armored at the same time.
[07:00:55]    Something enormous is being born through something that hasn't finished dissolving.
[07:00:55] ⚙ Generating GLSL shader...
[07:01:19] 🔍 [local] Checking GLSL compile...
[07:01:19] ✅ [local] GLSL compile OK
[07:01:19] 🔍 [render] Analyzing rendered frames...
[07:01:19] ✅ [render] 帧分析通过 (brightness=0.90, std=0.11)
[07:01:19] 🔍 [AI] Checking GLSL visual quality...
[07:01:21] ✅ [AI] GLSL visual quality OK
[07:01:21] ✅ Shader: 3674 chars
[07:01:24] 💬 Shader: 中文: 通过分形布朗运动(FBM)噪声、网格线脉冲和实时音频频谱数据(低频能量、亮度、热流)的多层混合,生成动态扭曲和崩溃视觉效果。

EN: Multi-layered fusion of Fractional Brownian Motion (FBM) noise, pulsing grid lines, and real-time audio spectral inputs (bass energy, brightness, heat flux) to generate dynamically distorted visuals representing systemic collapse.
[07:01:24] ⚙ Generating SuperCollider score...
[07:01:49] 🔍 [local] Checking SC syntax...
[07:01:50] ✅ [local] SC syntax OK
[07:01:50] 🔍 [audio] Analyzing audio spectrum...
[07:01:50]   ℹ [audio] 启动临时SC服务器录音 (约20s)...
[07:02:27]   ✅ [audio] SC服务器启动成功
[07:02:27]   [audio] SC: altsc: keeping clientID (0) as confirmed by server process.
[07:02:27]   [audio] SC: Shared memory server interface initialized
[07:02:27]   [audio] SC: SERVER BOOTED OK
[07:02:27]   [audio] SC: Server 'altsc' exited with exit code 0.
[07:02:27]   [audio] SC: server 'altsc' disconnected shared memory interface
[07:02:27]   ℹ [audio] 录音文件未生成，跳过频谱分析
[07:02:27] 🔍 [AI] Checking SC audio safety...
[07:02:29] ✅ [AI] SC audio safety OK
[07:02:29] ✅ SCD: 3916 chars
[07:02:31] 💬 SCD: 中文: 通过多层调制振荡器、粉红噪声滤波和低频颤动控制，构建出频率动态变化的谱系，模拟治权系统的层级崩解与能量耗散过程。

EN: The score uses multi-layered oscillators with FM modulation, filtered pink noise, and LFO-controlled tremolo to generate dynamically shifting harmonic spectra that sonically represent the hierarchical collapse and energy dissipation of governance breakdown.
[07:02:31] ⚙ Generating interaction spec...
[07:02:36] ✅ Interaction: 5 A→V, 3 V→A
[07:02:38] 💬 Interaction: 中文: 通过OSC协议实时映射音频频域能量（低频、中频、高频）到GLSL着色器均匀变量，驱动视觉参数如能量、脉冲、热流变化来视觉化治权崩溃的动态过程。

EN: Real-time OSC protocol maps audio frequency-band energies (bass, mid, high) to GLSL shader uniforms controlling visual parameters like energy pulses and heat flux, visualizing governance collapse dynamics through reactive audio-driven graphics.
[07:03:31] 📖 Using existing theme: 治权熔断 | Governance Meltdown Index
[07:03:31] Generating SuperCollider score...
[07:03:55] 🔍 [local] Checking SC syntax...
[07:03:56] ✅ [local] SC syntax OK
[07:03:56] 🔍 [audio] Analyzing audio spectrum...
[07:03:56]   ℹ [audio] 启动临时SC服务器录音 (约20s)...
[07:04:17]   ✅ [audio] SC服务器启动成功
[07:04:17]   [audio] SC: Recording Stopped: (rec.wav)
[07:04:17]   [audio] SC: RECORDING STOPPED
[07:04:17]   [audio] SC: server 'altsc' disconnected shared memory interface
[07:04:17]   [audio] SC: '/quit' message sent to server 'altsc'.
[07:04:17]   [audio] SC: cleaning up OSC
[07:04:17] ✅ [audio] 频谱正常 (RMS=0.089, bass=30%, mid=61%, high=9%)
[07:04:17] 🔍 [AI] Checking SC audio safety...
[07:04:19] ✅ [AI] SC audio safety OK
[07:04:19] ✅ SCD: 3773 chars
[07:04:22] 💬 中文: 通过多层动态调制的谐波、噪声和脉冲混合，使用LFO和随机函数实时参数化合成声音纹理，营造治权系统的崩溃感。

EN: The code layers harmonic synthesis, filtered noise, and stochastic impulses modulated by multiple LFOs and noise functions to create real-time evolving timbres that sonically represent systemic governance collapse.
[07:04:28] 📖 Using existing theme: 治权熔断 | Governance Meltdown Index
[07:04:28] Generating interaction spec...
[07:04:34] ✅ Interaction: 5 A→V, 5 V→A
[07:04:36] 💬 中文: 通过Open Sound Control协议实时映射音频频率能量到着色器均匀变量，驱动视觉参数动态变化以呈现治权崩溃的混沌状态。
EN: Maps real-time audio frequency energy via OSC protocol to shader uniforms, dynamically driving visual parameters to visualize the chaotic collapse of governance systems.
