[07:00:22] ⚙ Generating theme from date: 2026-03-29
[07:00:54] 🎨 Theme: 瓶颈序 | Bottleneck as Order
[07:00:54] 📝 Note: Compressed channels pulse at threshold; structure tightens until pressure becomes architecture of stillness.
[07:00:54] 📰 World events →
[07:00:54]    A thickening in the air — gates closing while the scaffolding still rises, every channel narrowing to a bottleneck dressed as order.
[07:00:54]    The body learns to grow in two directions at once: upward toward vacuum, downward toward the burning aquifer, both pulling cells apart into new alphabets of damage and cure.
[07:00:54]    Borders drawn in fever — between chips and soil, between flesh and labor, between the river and the frozen river — each line pretending it was always there.
[07:00:54]    The festival opens in the same city where the emergency was declared; the music and the sirens share a frequency only the walls can hear.
[07:00:54]    Slow suffocation marketed as patience: the numbers drift wrong, the fuel still burns, and somewhere beneath the noise, an ancient army waits in the dark to be uncovered again.
[07:00:54] 🔮 Symbolic/env facts →
[07:00:54]    I Ching #23 剥 (bō)
[07:00:54]    ☀Aries  ☽Leo Waxing Gibbous 82.7%
[07:00:54]    aspects: Sun square Jupiter, Sun conjunction Saturn, Mercury trine Jupiter
[07:00:54]    cloudy 25.0°C humidity 70.0%
[07:00:54] 💭 Felt →
[07:00:54]    A swelling behind the sternum that has nowhere to go — all push, no door.
[07:00:54]    The ground softens underneath something that still believes it is standing.
[07:00:54]    Heavy light, almost ripe, the sky holding its breath one degree before breaking.
[07:00:54] ⚙ Generating GLSL shader...
[07:01:17] 🔍 [local] Checking GLSL compile...
[07:01:17] ✅ [local] GLSL compile OK
[07:01:17] 🔍 [render] Analyzing rendered frames...
[07:01:17] ✅ [render] 帧分析通过 (brightness=0.37, std=0.26)
[07:01:17] 🔍 [AI] Checking GLSL visual quality...
[07:01:19] ✅ [AI] GLSL visual quality OK
[07:01:19] ✅ Shader: 3414 chars
[07:01:23] 💬 Shader: 中文: 通过Perlin噪声和动态瓶颈几何函数模拟流体在狭窄通道中的压力约束，结合音频驱动的参数（低频能量、压力波、脉冲）实时改变瓶颈宽度和颜色渐变来可视化"瓶颈"作为有序约束的物理过程。

EN: The shader uses Perlin noise and a parametric bottleneck geometry function to simulate fluid pressure constraints in a narrow channel, driven by audio analysis parameters (bass energy, pressure waves, pulse amplitude) that dynamically modulate the neck width and thermochromic color mapping to visualize the bottleneck as a physical ordering mechanism.
[07:01:23] ⚙ Generating SuperCollider score...
[07:01:43] 🔍 [local] Checking SC syntax...
[07:01:44] ✅ [local] SC syntax OK
[07:01:44] 🔍 [audio] Analyzing audio spectrum...
[07:01:44]   ℹ [audio] 启动临时SC服务器录音 (约20s)...
[07:02:04]   ✅ [audio] SC服务器启动成功
[07:02:04]   [audio] SC: Recording Stopped: (rec.wav)
[07:02:04]   [audio] SC: RECORDING STOPPED
[07:02:04]   [audio] SC: server 'altsc' disconnected shared memory interface
[07:02:04]   [audio] SC: '/quit' message sent to server 'altsc'.
[07:02:04]   [audio] SC: cleaning up OSC
[07:02:04] ✅ [audio] 频谱正常 (RMS=0.078, bass=64%, mid=29%, high=7%)
[07:02:04] 🔍 [AI] Checking SC audio safety...
[07:02:06] ✅ [AI] SC audio safety OK
[07:02:06] ✅ SCD: 3301 chars
[07:02:09] 💬 SCD: 中文: 通过动态压缩、频率调制和延迟反馈的多层次信号处理，将声音的"瓶颈"约束转化为有序的频谱结构和时间节奏。

EN: The code uses dynamic compression, modulated frequency synthesis, and feedback delay to transform acoustic bottleneck constraints into structured spectral order and temporal control.
[07:02:09] ⚙ Generating interaction spec...
[07:02:13] ✅ Interaction: 5 A→V, 5 V→A
[07:02:16] 💬 Interaction: 中文: 通过OSC协议将音频的低、中、高频能量实时映射到着色器均匀变量，形成频率瓶颈约束下的视觉有序变化。

EN: Real-time OSC mapping of bass, mid, and high-frequency audio energies to shader uniforms creates visually ordered transformations constrained by frequency bandwidth bottlenecks.
