[07:00:30] ⚙ Generating theme from date: 2026-03-30
[07:01:05] 🎨 Theme: 闸值协议 | Threshold Under Consent
[07:01:05] 📝 Note: Dense grids compressing toward rupture, muted pulse against bureaucratic stillness, tension held not released.
[07:01:05] 📰 World events →
[07:01:05]    **a pressure held between teeth and policy**
[07:01:05]    the ledger tightens while the body drifts — everything counted, nothing felt, the hum of systems optimizing themselves against their own inhabitants.
[07:01:05]    a gate disguised as a gate: who may pass, what may be shipped, which chip carries the future and which carries the leash.
[07:01:05]    somewhere offstage, the air thickens and the water rises, but the orchestra is tuning and the audience is seated and the program notes promise innocence.
[07:01:05]    negotiations for war — the phrase folds in on itself like a mirror eating its own reflection, while old treaties echo forward, reminding us that every border was once a wound someone agreed to call healed.
[07:01:05] 🔮 Symbolic/env facts →
[07:01:05]    I Ching #24 复 (fù)
[07:01:05]    ☀Aries  ☽Virgo Waxing Gibbous 90.1%
[07:01:05]    aspects: Sun square Jupiter, Sun conjunction Saturn, Moon trine Venus
[07:01:05]    cloudy 25.0°C humidity 70.0%
[07:01:05] 💭 Felt →
[07:01:05]    A heavy drumbeat under wet soil, something pushing up before the ground is ready.
[07:01:05]    Bright blade and soft water pulling in opposite directions inside the same hand.
[07:01:05]    The fullness just before breaking — taut, warm, almost too ripe to hold.
[07:01:05] ⚙ Generating GLSL shader...
[07:01:31] 🔍 [local] Checking GLSL compile...
[07:01:31] ✅ [local] GLSL compile OK
[07:01:31] 🔍 [render] Analyzing rendered frames...
[07:01:31] ✅ [render] 帧分析通过 (brightness=0.42, std=0.13)
[07:01:31] 🔍 [AI] Checking GLSL visual quality...
[07:01:33] ✅ [AI] GLSL visual quality OK
[07:01:33] ✅ Shader: 3605 chars
[07:01:36] 💬 Shader: 中文: 通过网格叠加、Perlin噪声扰动和多层次脉冲调制，实时响应音频能量参数来动态控制视觉"闸值"的开闭状态。

EN: The shader uses layered grid patterns with Perlin noise perturbation and multi-rate pulse modulation driven by audio energy inputs to dynamically control the visual "threshold" opening and closing states in real-time.
[07:01:36] ⚙ Generating SuperCollider score...
[07:01:57] 🔍 [local] Checking SC syntax...
[07:01:58] ✅ [local] SC syntax OK
[07:01:58] 🔍 [audio] Analyzing audio spectrum...
[07:01:58]   ℹ [audio] 启动临时SC服务器录音 (约20s)...
[07:02:18]   ✅ [audio] SC服务器启动成功
[07:02:18]   [audio] SC: Recording Stopped: (rec.wav)
[07:02:18]   [audio] SC: RECORDING STOPPED
[07:02:18]   [audio] SC: server 'altsc' disconnected shared memory interface
[07:02:18]   [audio] SC: '/quit' message sent to server 'altsc'.
[07:02:18]   [audio] SC: cleaning up OSC
[07:02:18] ✅ [audio] 频谱正常 (RMS=0.042, bass=17%, mid=72%, high=11%)
[07:02:18] 🔍 [AI] Checking SC audio safety...
[07:02:21] ✅ [AI] SC audio safety OK
[07:02:21] ✅ SCD: 3661 chars
[07:02:24] 💬 SCD: 中文: 通过动态频率调制、多谐波叠加与实时压缩，结合参数化的亮度和运动控制，生成受阈值协议约束的声学纹理。

EN: The code employs harmonic grid synthesis with dynamic frequency modulation, amplitude compression, and parameter-driven brightness/motion controls to generate sonically constrained textures representing threshold-based consent mechanisms.
[07:02:24] ⚙ Generating interaction spec...
[07:02:28] ✅ Interaction: 5 A→V, 2 V→A
[07:02:31] 💬 Interaction: 中文: 通过Open Sound Control协议实时映射音频频段能量到着色器均匀变量,以动态驱动视觉参数的多维度调制。

EN: Real-time OSC protocol maps audio frequency band energies to shader uniforms, enabling dynamic multi-dimensional visual modulation driven by sonic input.
