[07:00:15] ⚙ Generating theme from date: 2026-03-23
[07:00:48] 🎨 Theme: 阈值通关 / Threshold Customs | Held At Rate
[07:00:48] 📝 Note: Dense vibration at a locked frequency — bodies queued in saturated air, passage narrowing toward stasis.
[07:00:48] 📰 World events →
[07:00:48]    A narrow passage held open by trembling hands — everything flows through the bottleneck, fuel and fear alike, while the throttle tightens on what can move and what must stay.
[07:00:48]    The body counted and sorted at every threshold: who labors, who belongs, who is worth the cost of entry — flesh as ledger line, breath as policy variable.
[07:00:48]    A steady hum of held rates, held breath, held positions — the system neither crashes nor releases, just vibrates at a frequency of suspended consequence.
[07:00:48]    Chips reviewed one by one like souls at a gate — intelligence itself rationed, parsed, governed — the mind we built now subject to the customs desk.
[07:00:48]    The sky keeps its receipts: billion-dollar disasters queued for tabulation, the planet submitting invoices no treasury can cover, while somewhere a crew prepares to leave it behind entirely.
[07:00:48] 🔮 Symbolic/env facts →
[07:00:48]    I Ching #17 随 (suí)
[07:00:48]    ☀Aries  ☽Taurus Waxing Crescent 19.8%
[07:00:48]    aspects: Sun conjunction Saturn, Mercury conjunction Mars, Mercury trine Jupiter
[07:00:48]    cloudy 25.0°C humidity 70.0%
[07:00:48] 💭 Felt →
[07:00:48]    A heavy engine ignites inside wet cloth — all thrust, no clearing.
[07:00:48]    Something follows something else too closely, breath on the back of the neck, warm and uninvited.
[07:00:48]    The body wants to charge but the water keeps arriving, pooling in the joints, making every impulse a negotiation.
[07:00:48] ⚙ Generating GLSL shader...
[07:01:13] 🔍 [local] Checking GLSL compile...
[07:01:13] ✅ [local] GLSL compile OK
[07:01:13] 🔍 [render] Analyzing rendered frames...
[07:01:13] ✅ [render] 帧分析通过 (brightness=0.59, std=0.31)
[07:01:13] 🔍 [AI] Checking GLSL visual quality...
[07:01:15] ✅ [AI] GLSL visual quality OK
[07:01:15] ✅ Shader: 4226 chars
[07:01:19] 💬 Shader: 中文: 通过Perlin噪声、参数化椭圆体与音频驱动的动态振幅调制，实时生成流动队列视觉，使用HSV色轮映射与谱亮度耦合创造阈值跨越的视觉张力。

EN: The shader uses Perlin noise-based procedural generation with audio-reactive parameters (bass energy, spectral brightness) to animate a queue of elliptical bodies that deform and oscillate, creating a threshold-crossing visual metaphor through dynamic phase shifts and hue cycling.
[07:01:19] ⚙ Generating SuperCollider score...
[07:01:39] 🔍 [local] Checking SC syntax...
[07:01:40] ✅ [local] SC syntax OK
[07:01:40] 🔍 [audio] Analyzing audio spectrum...
[07:01:40]   ℹ [audio] 启动临时SC服务器录音 (约20s)...
[07:02:00]   ✅ [audio] SC服务器启动成功
[07:02:00]   [audio] SC: Recording Stopped: (rec.wav)
[07:02:00]   [audio] SC: RECORDING STOPPED
[07:02:00]   [audio] SC: server 'altsc' disconnected shared memory interface
[07:02:00]   [audio] SC: '/quit' message sent to server 'altsc'.
[07:02:00]   [audio] SC: cleaning up OSC
[07:02:00] ✅ [audio] 频谱正常 (RMS=0.072, bass=48%, mid=49%, high=3%)
[07:02:00] 🔍 [AI] Checking SC audio safety...
[07:02:02] ✅ [AI] SC audio safety OK
[07:02:02] ✅ SCD: 3434 chars
[07:02:05] 💬 SCD: 中文: 通过多层偏谐波叠加、动态频率调制与实时能量监测，将声学参数映射为阈值通关的动态系统。
EN: Multi-layered harmonic partials with dynamic frequency modulation and real-time amplitude tracking create a sonically responsive threshold-crossing system that evolves with bright/motion parameters.
[07:02:05] ⚙ Generating interaction spec...
[07:02:09] ✅ Interaction: 5 A→V, 3 V→A
[07:02:13] 💬 Interaction: 中文: 通过OSC协议实时映射音频频率能量（低频、中频、高频）到着色器uniform参数，驱动视觉密度、脉冲幅度、光谱亮度等动态变化，形成音频阈值驱动的视觉通关体验。

EN: Audio energy across frequency bands (bass, mid, air) is mapped via OSC to shader uniforms controlling visual parameters like density, pulse amplitude, and spectral brightness, creating a threshold-crossing visual experience synchronized to sound intensity.
