[05:35:43] ⚙ Generating theme from date: 2026-03-19
[05:36:05] 🎨 Theme: 默签 | Consent by Asphyxiation
[05:36:05] 📝 Note: A ledger pulses beneath static; forms comply before the signal arrives, already erased.
[05:36:05] 📰 World events →
[05:36:05]    A tremor held in place, mistaken for stillness.
[05:36:05]    The ledger tightens around the throat while the hand keeps signing.
[05:36:05]    Somewhere a gate opens and closes in the same motion, letting through only what it consumes.
[05:36:05]    The sky rehearses its collapse in small towns first.
[05:36:05]    A song plays from a burning room — everyone hums along, no one turns around.
[05:36:05] 🔮 Symbolic/env facts →
[05:36:05]    I Ching #13 同人 (tóng rén)
[05:36:05]    ☀Pisces  ☽Pisces New Moon 0.0%
[05:36:05]    aspects: Sun conjunction Moon, Sun conjunction Saturn, Moon conjunction Saturn
[05:36:05]    cloudy 25.0°C humidity 70.0%
[05:36:05] 💭 Felt →
[05:36:05]    A warm fog pressing bodies into one shape, all edges dissolving before they agree to.
[05:36:05]    Something trying to ignite inside waterlogged wood — a struck match hissing, then holding.
[05:36:05]    The gathering leans forward together, not yet sure if it's falling or beginning to run.
[05:36:05] ⚙ Generating GLSL shader...
[05:36:29] 🔍 [local] Checking GLSL compile...
[05:36:29] ✅ [local] GLSL compile OK
[05:36:29] 🔍 [render] Analyzing rendered frames...
[05:36:29] ✅ [render] 帧分析通过 (brightness=0.41, std=0.21)
[05:36:29] 🔍 [AI] Checking GLSL visual quality...
[05:36:31] ✅ [AI] GLSL visual quality OK
[05:36:31] ✅ Shader: 3393 chars
[05:36:34] 💬 Shader: 中文: 通过分形布朗运动生成的噪声侵蚀五线谱纹理，叠加音频驱动的静噪和脉动效果，模拟逐渐消融的视觉压制。

EN: Fractal Brownian motion erodes musical staff lines while audio-driven static and pulsing forms layer atop, creating a visual suffocation through progressive dissolution.
[05:36:34] ⚙ Generating SuperCollider score...
[05:36:55] 🔍 [local] Checking SC syntax...
[05:36:56] ✅ [local] SC syntax OK
[05:36:56] 🔍 [audio] Analyzing audio spectrum...
[05:36:56]   ℹ [audio] 启动临时SC服务器录音 (约20s)...
[05:37:17]   ✅ [audio] SC服务器启动成功
[05:37:17]   [audio] SC: Recording Stopped: (rec.wav)
[05:37:17]   [audio] SC: RECORDING STOPPED
[05:37:17]   [audio] SC: server 'altsc' disconnected shared memory interface
[05:37:17]   [audio] SC: '/quit' message sent to server 'altsc'.
[05:37:17]   [audio] SC: cleaning up OSC
[05:37:17] ✅ [audio] 频谱正常 (RMS=0.540, bass=2%, mid=17%, high=81%)
[05:37:17] 🔍 [AI] Checking SC audio safety...
[05:37:25] ✅ [AI] SC audio safety OK
[05:37:25] ✅ SCD: 3282 chars
[05:37:29] 💬 SCD: 中文: 通过参数化的包络控制（ASR）、多层滤波与延迟反馈，以及实时振幅监测，构建受约束的声音演化——低频脉冲与静态噪声在动态调制下逐渐被压制与衰减。

EN: Layered synthesis with ASR envelopes, bandpass filtering, comb delays, and dynamic parameter modulation creates a sonically constrained system where bass pulses and filtered noise are progressively compressed and attenuated through amplitude clipping and low-pass filtering.
[05:37:29] ⚙ Generating interaction spec...
[05:37:33] ✅ Interaction: 4 A→V, 3 V→A
[05:37:36] 💬 Interaction: 中文: 通过OSC协议实时映射音频频谱能量到着色器uniform参数，建立双向的音视觉反馈循环。

EN: Real-time bidirectional audio-visual feedback using OSC protocol to map spectral energy bands (bass, mid, high) to shader uniforms, creating synchronized generative visuals driven by sound.
